Starting a Gradle Daemon (subsequent builds will be faster)
> Task :clean
> Task :processResources
> Task :compileKotlin
> Task :compileJava NO-SOURCE
> Task :classes
> Task :resolveMainClassName

> Task :bootRun

  .   ____          _            __ _ _
 /\\ / ___'_ __ _ _(_)_ __  __ _ \ \ \ \
( ( )\___ | '_ | '_| | '_ \/ _` | \ \ \ \
 \\/  ___)| |_)| | | | | || (_| |  ) ) ) )
  '  |____| .__|_| |_|_| |_\__, | / / / /
 =========|_|==============|___/=/_/_/_/
 :: Spring Boot ::                (v3.1.3)

2023-09-12T10:48:05.261+02:00  INFO 5406 --- [           main] c.example.backend.BackendApplicationKt   : Starting BackendApplicationKt using Java 17.0.4.1 with PID 5406 (/Users/vwkay4j/code/EtraStuff/Book-store/backend/build/classes/kotlin/main started by vwkay4j in /Users/vwkay4j/code/EtraStuff/Book-store/backend)
2023-09-12T10:48:05.263+02:00  INFO 5406 --- [           main] c.example.backend.BackendApplicationKt   : The following 1 profile is active: "test"
2023-09-12T10:48:05.567+02:00  INFO 5406 --- [           main] o.s.b.w.embedded.tomcat.TomcatWebServer  : Tomcat initialized with port(s): 8080 (http)
2023-09-12T10:48:05.571+02:00  INFO 5406 --- [           main] o.apache.catalina.core.StandardService   : Starting service [Tomcat]
2023-09-12T10:48:05.571+02:00  INFO 5406 --- [           main] o.apache.catalina.core.StandardEngine    : Starting Servlet engine: [Apache Tomcat/10.1.12]
2023-09-12T10:48:05.609+02:00  INFO 5406 --- [           main] o.a.c.c.C.[Tomcat].[localhost].[/]       : Initializing Spring embedded WebApplicationContext
2023-09-12T10:48:05.609+02:00  INFO 5406 --- [           main] w.s.c.ServletWebServerApplicationContext : Root WebApplicationContext: initialization completed in 326 ms
2023-09-12T10:48:05.837+02:00  INFO 5406 --- [           main] o.s.b.w.embedded.tomcat.TomcatWebServer  : Tomcat started on port(s): 8080 (http) with context path ''
2023-09-12T10:48:05.841+02:00  INFO 5406 --- [           main] c.example.backend.BackendApplicationKt   : Started BackendApplicationKt in 0.71 seconds (process running for 0.823)
2023-09-12T10:48:06.307+02:00  INFO 5406 --- [nio-8080-exec-1] o.a.c.c.C.[Tomcat].[localhost].[/]       : Initializing Spring DispatcherServlet 'dispatcherServlet'
2023-09-12T10:48:06.307+02:00  INFO 5406 --- [nio-8080-exec-1] o.s.web.servlet.DispatcherServlet        : Initializing Servlet 'dispatcherServlet'
2023-09-12T10:48:06.308+02:00  INFO 5406 --- [nio-8080-exec-1] o.s.web.servlet.DispatcherServlet        : Completed initialization in 1 ms
